Added Component: Designator=D1(DIO10.46-5.3x2.8)
Added Component: Designator=K1(DIP-P5/X1.65)
Added Component: Designator=Q1(BCY-W3)
Added Component: Designator=R1(AXIAL-0.4)
Added Pin To Net: NetName=NetD1_1 Pin=D1-1
Added Pin To Net: NetName=NetD1_1 Pin=K1-5
Added Net: Name=NetD1_1
Added Pin To Net: NetName=NetD1_2 Pin=D1-2
Added Pin To Net: NetName=NetD1_2 Pin=K1-4
Added Pin To Net: NetName=NetD1_2 Pin=Q1-3
Added Net: Name=NetD1_2
Added Pin To Net: NetName=NetDev1_0 Pin=Q1-1
Added Net: Name=NetDev1_0
Added Pin To Net: NetName=NetDev1_17 Pin=R1-1
Added Net: Name=NetDev1_17
Added Pin To Net: NetName=NetQ1_2 Pin=Q1-2
Added Pin To Net: NetName=NetQ1_2 Pin=R1-2
Added Net: Name=NetQ1_2
Added Class: Name=IoT-Switch
Added Room: Name=IoT-Switch
